<?xml version="1.0" encoding="utf-8"?><testsuites name="pytest tests"><testsuite name="pytest" errors="0" failures="0" skipped="0" tests="19" time="0.468" timestamp="2026-07-18T11:23:30.046200+00:00" hostname="runnervm3jd5f"><testcase classname="tests.test_aura_relational_synthesis" name="test_shadow_compiler_is_deterministic_under_input_reordering" time="0.011" /><testcase classname="tests.test_aura_relational_synthesis" name="test_qualified_symbol_identity_is_preserved" time="0.004" /><testcase classname="tests.test_aura_relational_synthesis" name="test_duplicate_participant_is_rejected_on_round_trip" time="0.010" /><testcase classname="tests.test_aura_relational_synthesis" name="test_missing_relation_endpoint_fails_closed" time="0.002" /><testcase classname="tests.test_aura_relational_synthesis" name="test_exact_participant_requires_digest_and_evidence" time="0.001" /><testcase classname="tests.test_aura_relational_synthesis" name="test_stale_repository_or_packet_digest_is_rejected" time="0.002" /><testcase classname="tests.test_aura_relational_synthesis" name="test_test_filename_without_callable_is_explicitly_unresolved" time="0.004" /><testcase classname="tests.test_aura_relational_synthesis" name="test_schema_and_contract_round_trip" time="0.066" /><testcase classname="tests.test_aura_relational_synthesis" name="test_strict_authority_and_boolean_fields_reject_truthy_values" time="0.011" /><testcase classname="tests.test_aura_relational_synthesis" name="test_objective_mismatch_rejects_unrelated_intent" time="0.001" /><testcase classname="tests.test_aura_relational_synthesis" name="test_test_path_detection_does_not_classify_latest_module_as_test" time="0.004" /><testcase classname="tests.test_aura_relational_synthesis" name="test_selected_and_source_slice_identities_must_match_exactly" time="0.002" /><testcase classname="tests.test_aura_relational_synthesis" name="test_duplicate_exact_dependency_edge_is_rejected" time="0.002" /><testcase classname="tests.test_aura_relational_synthesis" name="test_expected_freshness_identities_are_required" time="0.000" /><testcase classname="tests.test_aura_relational_synthesis" name="test_name_derived_roles_and_test_meaning_remain_open" time="0.003" /><testcase classname="tests.test_aura_relational_synthesis" name="test_capability_path_freshness_identity_is_not_fabricated" time="0.001" /><testcase classname="tests.test_aura_relational_synthesis" name="test_capsule_create_binds_objective_to_intent" time="0.004" /><testcase classname="tests.test_aura_relational_synthesis" name="test_capsule_schema_cardinalities_are_enforced_in_python" time="0.020" /><testcase classname="tests.test_aura_relational_synthesis" name="test_frozen_contract_mappings_are_deeply_immutable" time="0.004" /></testsuite></testsuites>